2021-12-29 14:26 +05:00: MongoError: bad auth : Authentication failed.
    at MessageStream.messageHandler (G:\CRUD APP\student-crud-app-051\node_modules\mongodb\lib\cmap\connection.js:299:20)
    at MessageStream.emit (node:events:390:28)
    at processIncomingData (G:\CRUD APP\student-crud-app-051\node_modules\mongodb\lib\cmap\message_stream.js:144:12)
    at MessageStream._write (G:\CRUD APP\student-crud-app-051\node_modules\mongodb\lib\cmap\message_stream.js:42:5)
    at writeOrBuffer (node:internal/streams/writable:389:12)
    at _write (node:internal/streams/writable:330:10)
    at MessageStream.Writable.write (node:internal/streams/writable:334:10)
    at TLSSocket.ondata (node:internal/streams/readable:754:22)
    at TLSSocket.emit (node:events:390:28)
    at addChunk (node:internal/streams/readable:315:12) {
  ok: 0,
  code: 8000,
  codeName: 'AtlasError'
}
2021-12-29 14:26 +05:00: MongoError: bad auth : Authentication failed.
    at MessageStream.messageHandler (G:\CRUD APP\student-crud-app-051\node_modules\mongodb\lib\cmap\connection.js:299:20)
    at MessageStream.emit (node:events:390:28)
    at processIncomingData (G:\CRUD APP\student-crud-app-051\node_modules\mongodb\lib\cmap\message_stream.js:144:12)
    at MessageStream._write (G:\CRUD APP\student-crud-app-051\node_modules\mongodb\lib\cmap\message_stream.js:42:5)
    at writeOrBuffer (node:internal/streams/writable:389:12)
    at _write (node:internal/streams/writable:330:10)
    at MessageStream.Writable.write (node:internal/streams/writable:334:10)
    at TLSSocket.ondata (node:internal/streams/readable:754:22)
    at TLSSocket.emit (node:events:390:28)
    at addChunk (node:internal/streams/readable:315:12) {
  ok: 0,
  code: 8000,
  codeName: 'AtlasError'
}
2021-12-29 14:26 +05:00: MongoError: bad auth : Authentication failed.
    at MessageStream.messageHandler (G:\CRUD APP\student-crud-app-051\node_modules\mongodb\lib\cmap\connection.js:299:20)
    at MessageStream.emit (node:events:390:28)
    at processIncomingData (G:\CRUD APP\student-crud-app-051\node_modules\mongodb\lib\cmap\message_stream.js:144:12)
    at MessageStream._write (G:\CRUD APP\student-crud-app-051\node_modules\mongodb\lib\cmap\message_stream.js:42:5)
    at writeOrBuffer (node:internal/streams/writable:389:12)
    at _write (node:internal/streams/writable:330:10)
    at MessageStream.Writable.write (node:internal/streams/writable:334:10)
    at TLSSocket.ondata (node:internal/streams/readable:754:22)
    at TLSSocket.emit (node:events:390:28)
    at addChunk (node:internal/streams/readable:315:12) {
  ok: 0,
  code: 8000,
  codeName: 'AtlasError'
}
2021-12-29 14:26 +05:00: MongoError: bad auth : Authentication failed.
    at MessageStream.messageHandler (G:\CRUD APP\student-crud-app-051\node_modules\mongodb\lib\cmap\connection.js:299:20)
    at MessageStream.emit (node:events:390:28)
    at processIncomingData (G:\CRUD APP\student-crud-app-051\node_modules\mongodb\lib\cmap\message_stream.js:144:12)
    at MessageStream._write (G:\CRUD APP\student-crud-app-051\node_modules\mongodb\lib\cmap\message_stream.js:42:5)
    at writeOrBuffer (node:internal/streams/writable:389:12)
    at _write (node:internal/streams/writable:330:10)
    at MessageStream.Writable.write (node:internal/streams/writable:334:10)
    at TLSSocket.ondata (node:internal/streams/readable:754:22)
    at TLSSocket.emit (node:events:390:28)
    at addChunk (node:internal/streams/readable:315:12) {
  ok: 0,
  code: 8000,
  codeName: 'AtlasError'
}
2021-12-29 14:26 +05:00: MongoError: bad auth : Authentication failed.
    at MessageStream.messageHandler (G:\CRUD APP\student-crud-app-051\node_modules\mongodb\lib\cmap\connection.js:299:20)
    at MessageStream.emit (node:events:390:28)
    at processIncomingData (G:\CRUD APP\student-crud-app-051\node_modules\mongodb\lib\cmap\message_stream.js:144:12)
    at MessageStream._write (G:\CRUD APP\student-crud-app-051\node_modules\mongodb\lib\cmap\message_stream.js:42:5)
    at writeOrBuffer (node:internal/streams/writable:389:12)
    at _write (node:internal/streams/writable:330:10)
    at MessageStream.Writable.write (node:internal/streams/writable:334:10)
    at TLSSocket.ondata (node:internal/streams/readable:754:22)
    at TLSSocket.emit (node:events:390:28)
    at addChunk (node:internal/streams/readable:315:12) {
  ok: 0,
  code: 8000,
  codeName: 'AtlasError'
}
2021-12-29 14:26 +05:00: MongoError: bad auth : Authentication failed.
    at MessageStream.messageHandler (G:\CRUD APP\student-crud-app-051\node_modules\mongodb\lib\cmap\connection.js:299:20)
    at MessageStream.emit (node:events:390:28)
    at processIncomingData (G:\CRUD APP\student-crud-app-051\node_modules\mongodb\lib\cmap\message_stream.js:144:12)
    at MessageStream._write (G:\CRUD APP\student-crud-app-051\node_modules\mongodb\lib\cmap\message_stream.js:42:5)
    at writeOrBuffer (node:internal/streams/writable:389:12)
    at _write (node:internal/streams/writable:330:10)
    at MessageStream.Writable.write (node:internal/streams/writable:334:10)
    at TLSSocket.ondata (node:internal/streams/readable:754:22)
    at TLSSocket.emit (node:events:390:28)
    at addChunk (node:internal/streams/readable:315:12) {
  ok: 0,
  code: 8000,
  codeName: 'AtlasError'
}
2021-12-29 14:26 +05:00: MongoError: bad auth : Authentication failed.
    at MessageStream.messageHandler (G:\CRUD APP\student-crud-app-051\node_modules\mongodb\lib\cmap\connection.js:299:20)
    at MessageStream.emit (node:events:390:28)
    at processIncomingData (G:\CRUD APP\student-crud-app-051\node_modules\mongodb\lib\cmap\message_stream.js:144:12)
    at MessageStream._write (G:\CRUD APP\student-crud-app-051\node_modules\mongodb\lib\cmap\message_stream.js:42:5)
    at writeOrBuffer (node:internal/streams/writable:389:12)
    at _write (node:internal/streams/writable:330:10)
    at MessageStream.Writable.write (node:internal/streams/writable:334:10)
    at TLSSocket.ondata (node:internal/streams/readable:754:22)
    at TLSSocket.emit (node:events:390:28)
    at addChunk (node:internal/streams/readable:315:12) {
  ok: 0,
  code: 8000,
  codeName: 'AtlasError'
}
2021-12-29 14:29 +05:00: MongoError: bad auth : Authentication failed.
    at MessageStream.messageHandler (G:\CRUD APP\student-crud-app-051\node_modules\mongodb\lib\cmap\connection.js:299:20)
    at MessageStream.emit (node:events:390:28)
    at processIncomingData (G:\CRUD APP\student-crud-app-051\node_modules\mongodb\lib\cmap\message_stream.js:144:12)
    at MessageStream._write (G:\CRUD APP\student-crud-app-051\node_modules\mongodb\lib\cmap\message_stream.js:42:5)
    at writeOrBuffer (node:internal/streams/writable:389:12)
    at _write (node:internal/streams/writable:330:10)
    at MessageStream.Writable.write (node:internal/streams/writable:334:10)
    at TLSSocket.ondata (node:internal/streams/readable:754:22)
    at TLSSocket.emit (node:events:390:28)
    at addChunk (node:internal/streams/readable:315:12) {
  ok: 0,
  code: 8000,
  codeName: 'AtlasError'
}
2021-12-29 14:29 +05:00: MongoError: bad auth : Authentication failed.
    at MessageStream.messageHandler (G:\CRUD APP\student-crud-app-051\node_modules\mongodb\lib\cmap\connection.js:299:20)
    at MessageStream.emit (node:events:390:28)
    at processIncomingData (G:\CRUD APP\student-crud-app-051\node_modules\mongodb\lib\cmap\message_stream.js:144:12)
    at MessageStream._write (G:\CRUD APP\student-crud-app-051\node_modules\mongodb\lib\cmap\message_stream.js:42:5)
    at writeOrBuffer (node:internal/streams/writable:389:12)
    at _write (node:internal/streams/writable:330:10)
    at MessageStream.Writable.write (node:internal/streams/writable:334:10)
    at TLSSocket.ondata (node:internal/streams/readable:754:22)
    at TLSSocket.emit (node:events:390:28)
    at addChunk (node:internal/streams/readable:315:12) {
  ok: 0,
  code: 8000,
  codeName: 'AtlasError'
}
2021-12-29 14:29 +05:00: MongoError: bad auth : Authentication failed.
    at MessageStream.messageHandler (G:\CRUD APP\student-crud-app-051\node_modules\mongodb\lib\cmap\connection.js:299:20)
    at MessageStream.emit (node:events:390:28)
    at processIncomingData (G:\CRUD APP\student-crud-app-051\node_modules\mongodb\lib\cmap\message_stream.js:144:12)
    at MessageStream._write (G:\CRUD APP\student-crud-app-051\node_modules\mongodb\lib\cmap\message_stream.js:42:5)
    at writeOrBuffer (node:internal/streams/writable:389:12)
    at _write (node:internal/streams/writable:330:10)
    at MessageStream.Writable.write (node:internal/streams/writable:334:10)
    at TLSSocket.ondata (node:internal/streams/readable:754:22)
    at TLSSocket.emit (node:events:390:28)
    at addChunk (node:internal/streams/readable:315:12) {
  ok: 0,
  code: 8000,
  codeName: 'AtlasError'
}
2021-12-29 14:29 +05:00: MongoError: bad auth : Authentication failed.
    at MessageStream.messageHandler (G:\CRUD APP\student-crud-app-051\node_modules\mongodb\lib\cmap\connection.js:299:20)
    at MessageStream.emit (node:events:390:28)
    at processIncomingData (G:\CRUD APP\student-crud-app-051\node_modules\mongodb\lib\cmap\message_stream.js:144:12)
    at MessageStream._write (G:\CRUD APP\student-crud-app-051\node_modules\mongodb\lib\cmap\message_stream.js:42:5)
    at writeOrBuffer (node:internal/streams/writable:389:12)
    at _write (node:internal/streams/writable:330:10)
    at MessageStream.Writable.write (node:internal/streams/writable:334:10)
    at TLSSocket.ondata (node:internal/streams/readable:754:22)
    at TLSSocket.emit (node:events:390:28)
    at addChunk (node:internal/streams/readable:315:12) {
  ok: 0,
  code: 8000,
  codeName: 'AtlasError'
}
2021-12-29 14:29 +05:00: MongoError: bad auth : Authentication failed.
    at MessageStream.messageHandler (G:\CRUD APP\student-crud-app-051\node_modules\mongodb\lib\cmap\connection.js:299:20)
    at MessageStream.emit (node:events:390:28)
    at processIncomingData (G:\CRUD APP\student-crud-app-051\node_modules\mongodb\lib\cmap\message_stream.js:144:12)
    at MessageStream._write (G:\CRUD APP\student-crud-app-051\node_modules\mongodb\lib\cmap\message_stream.js:42:5)
    at writeOrBuffer (node:internal/streams/writable:389:12)
    at _write (node:internal/streams/writable:330:10)
    at MessageStream.Writable.write (node:internal/streams/writable:334:10)
    at TLSSocket.ondata (node:internal/streams/readable:754:22)
    at TLSSocket.emit (node:events:390:28)
    at addChunk (node:internal/streams/readable:315:12) {
  ok: 0,
  code: 8000,
  codeName: 'AtlasError'
}
2021-12-29 14:29 +05:00: MongoError: bad auth : Authentication failed.
    at MessageStream.messageHandler (G:\CRUD APP\student-crud-app-051\node_modules\mongodb\lib\cmap\connection.js:299:20)
    at MessageStream.emit (node:events:390:28)
    at processIncomingData (G:\CRUD APP\student-crud-app-051\node_modules\mongodb\lib\cmap\message_stream.js:144:12)
    at MessageStream._write (G:\CRUD APP\student-crud-app-051\node_modules\mongodb\lib\cmap\message_stream.js:42:5)
    at writeOrBuffer (node:internal/streams/writable:389:12)
    at _write (node:internal/streams/writable:330:10)
    at MessageStream.Writable.write (node:internal/streams/writable:334:10)
    at TLSSocket.ondata (node:internal/streams/readable:754:22)
    at TLSSocket.emit (node:events:390:28)
    at addChunk (node:internal/streams/readable:315:12) {
  ok: 0,
  code: 8000,
  codeName: 'AtlasError'
}
2021-12-29 14:29 +05:00: MongoError: bad auth : Authentication failed.
    at MessageStream.messageHandler (G:\CRUD APP\student-crud-app-051\node_modules\mongodb\lib\cmap\connection.js:299:20)
    at MessageStream.emit (node:events:390:28)
    at processIncomingData (G:\CRUD APP\student-crud-app-051\node_modules\mongodb\lib\cmap\message_stream.js:144:12)
    at MessageStream._write (G:\CRUD APP\student-crud-app-051\node_modules\mongodb\lib\cmap\message_stream.js:42:5)
    at writeOrBuffer (node:internal/streams/writable:389:12)
    at _write (node:internal/streams/writable:330:10)
    at MessageStream.Writable.write (node:internal/streams/writable:334:10)
    at TLSSocket.ondata (node:internal/streams/readable:754:22)
    at TLSSocket.emit (node:events:390:28)
    at addChunk (node:internal/streams/readable:315:12) {
  ok: 0,
  code: 8000,
  codeName: 'AtlasError'
}
